<?xml version="1.0" encoding="UTF-8"?>
<!-- Generated by org.testng.reporters.JUnitReportReporter -->
<testsuite skipped="3" hostname="DESKTOP-K42ITB2" name="com.qa.demo.LinksTest" tests="4" failures="0" timestamp="2023-05-17T16:08:08 IST" time="9.077" errors="0">
  <testcase name="linkWithChar" time="9.077" classname="com.qa.demo.LinksTest"/>
  <system-out/>
  <testcase name="counteEmptylinks" classname="com.qa.demo.LinksTest">
    <skipped/>
  </testcase> <!-- counteEmptylinks -->
  <system-out/>
  <testcase name="linkWithCharss" classname="com.qa.demo.LinksTest">
    <skipped/>
  </testcase> <!-- linkWithCharss -->
  <system-out/>
  <testcase name="linkWithChars" classname="com.qa.demo.LinksTest">
    <skipped/>
  </testcase> <!-- linkWithChars -->
  <system-out/>
</testsuite> <!-- com.qa.demo.LinksTest -->
